# JRE version: Java(TM) SE Runtime Environment (8.0_321-b07) (build 1.8.0_321-b07)
# Java VM: Java HotSpot(TM) 64-Bit Server VM (25.321-b07 mixed mode windows-amd64 compressed oops)
Heap:
 PSYoungGen      total 1132032K, used 378432K [0x0000000716a00000, 0x0000000794300000, 0x00000007c0000000)
  eden space 207872K, 0% used [0x0000000716a00000,0x0000000716a00000,0x0000000723500000)
  from space 924160K, 40% used [0x000000075bc80000,0x0000000772e10000,0x0000000794300000)
  to   space 924672K, 0% used [0x0000000723500000,0x0000000723500000,0x000000075bc00000)
 ParOldGen       total 2391552K, used 2367907K [0x00000005c3e00000, 0x0000000655d80000, 0x0000000716a00000)
  object space 2391552K, 99% used [0x00000005c3e00000,0x0000000654668c90,0x0000000655d80000)
 Metaspace       used 9720K, capacity 10132K, committed 10240K, reserved 1058816K
  class space    used 1136K, capacity 1225K, committed 1280K, reserved 1048576K
GC Heap History (10 events):
Event: 289.888 GC heap after
Heap after GC invocations=11 (full 3):
 PSYoungGen      total 889344K, used 315392K [0x0000000716a00000, 0x0000000770c80000, 0x00000007c0000000)
  eden space 339456K, 0% used [0x0000000716a00000,0x0000000716a00000,0x000000072b580000)
  from space 549888K, 57% used [0x000000074f380000,0x0000000762780000,0x0000000770c80000)
  to   space 568832K, 0% used [0x000000072b580000,0x000000072b580000,0x000000074e100000)
 ParOldGen       total 2391552K, used 1386250K [0x00000005c3e00000, 0x0000000655d80000, 0x0000000716a00000)
  object space 2391552K, 57% used [0x00000005c3e00000,0x00000006187c2930,0x0000000655d80000)
 Metaspace       used 9705K, capacity 10068K, committed 10240K, reserved 1058816K
  class space    used 1136K, capacity 1225K, committed 1280K, reserved 1048576K
}
Event: 342.296 GC heap before
{Heap before GC invocations=12 (full 3):
 PSYoungGen      total 889344K, used 654848K [0x0000000716a00000, 0x0000000770c80000, 0x00000007c0000000)
  eden space 339456K, 100% used [0x0000000716a00000,0x000000072b580000,0x000000072b580000)
  from space 549888K, 57% used [0x000000074f380000,0x0000000762780000,0x0000000770c80000)
  to   space 568832K, 0% used [0x000000072b580000,0x000000072b580000,0x000000074e100000)
 ParOldGen       total 2391552K, used 1386250K [0x00000005c3e00000, 0x0000000655d80000, 0x0000000716a00000)
  object space 2391552K, 57% used [0x00000005c3e00000,0x00000006187c2930,0x0000000655d80000)
 Metaspace       used 9707K, capacity 10068K, committed 10240K, reserved 1058816K
  class space    used 1136K, capacity 1225K, committed 1280K, reserved 1048576K
Event: 343.453 GC heap after
Heap after GC invocations=12 (full 3):
 PSYoungGen      total 908288K, used 568800K [0x0000000716a00000, 0x0000000780a00000, 0x00000007c0000000)
  eden space 339456K, 0% used [0x0000000716a00000,0x0000000716a00000,0x000000072b580000)
  from space 568832K, 99% used [0x000000072b580000,0x000000074e0f8360,0x000000074e100000)
  to   space 683520K, 0% used [0x0000000756e80000,0x0000000756e80000,0x0000000780a00000)
 ParOldGen       total 2391552K, used 1467266K [0x00000005c3e00000, 0x0000000655d80000, 0x0000000716a00000)
  object space 2391552K, 61% used [0x00000005c3e00000,0x000000061d6e0930,0x0000000655d80000)
 Metaspace       used 9707K, capacity 10068K, committed 10240K, reserved 1058816K
  class space    used 1136K, capacity 1225K, committed 1280K, reserved 1048576K
}
Event: 475.058 GC heap before
{Heap before GC invocations=13 (full 3):
 PSYoungGen      total 908288K, used 908256K [0x0000000716a00000, 0x0000000780a00000, 0x00000007c0000000)
  eden space 339456K, 100% used [0x0000000716a00000,0x000000072b580000,0x000000072b580000)
  from space 568832K, 99% used [0x000000072b580000,0x000000074e0f8360,0x000000074e100000)
  to   space 683520K, 0% used [0x0000000756e80000,0x0000000756e80000,0x0000000780a00000)
 ParOldGen       total 2391552K, used 1467266K [0x00000005c3e00000, 0x0000000655d80000, 0x0000000716a00000)
  object space 2391552K, 61% used [0x00000005c3e00000,0x000000061d6e0930,0x0000000655d80000)
 Metaspace       used 9715K, capacity 10132K, committed 10240K, reserved 1058816K
  class space    used 1136K, capacity 1225K, committed 1280K, reserved 1048576K
Event: 476.588 GC heap after
Heap after GC invocations=13 (full 3):
 PSYoungGen      total 877568K, used 683488K [0x0000000716a00000, 0x0000000795d00000, 0x00000007c0000000)
  eden space 194048K, 0% used [0x0000000716a00000,0x0000000716a00000,0x0000000722780000)
  from space 683520K, 99% used [0x0000000756e80000,0x00000007809f8360,0x0000000780a00000)
  to   space 859136K, 0% used [0x0000000722780000,0x0000000722780000,0x0000000756e80000)
 ParOldGen       total 2391552K, used 1683650K [0x00000005c3e00000, 0x0000000655d80000, 0x0000000716a00000)
  object space 2391552K, 70% used [0x00000005c3e00000,0x000000062aa30930,0x0000000655d80000)
 Metaspace       used 9715K, capacity 10132K, committed 10240K, reserved 1058816K
  class space    used 1136K, capacity 1225K, committed 1280K, reserved 1048576K
}
Event: 562.462 GC heap before
{Heap before GC invocations=14 (full 3):
 PSYoungGen      total 877568K, used 877536K [0x0000000716a00000, 0x0000000795d00000, 0x00000007c0000000)
  eden space 194048K, 100% used [0x0000000716a00000,0x0000000722780000,0x0000000722780000)
  from space 683520K, 99% used [0x0000000756e80000,0x00000007809f8360,0x0000000780a00000)
  to   space 859136K, 0% used [0x0000000722780000,0x0000000722780000,0x0000000756e80000)
 ParOldGen       total 2391552K, used 1683650K [0x00000005c3e00000, 0x0000000655d80000, 0x0000000716a00000)
  object space 2391552K, 70% used [0x00000005c3e00000,0x000000062aa30930,0x0000000655d80000)
 Metaspace       used 9715K, capacity 10132K, committed 10240K, reserved 1058816K
  class space    used 1136K, capacity 1225K, committed 1280K, reserved 1048576K
Event: 563.936 GC heap after
Heap after GC invocations=14 (full 3):
 PSYoungGen      total 1053184K, used 850784K [0x0000000716a00000, 0x0000000794380000, 0x00000007c0000000)
  eden space 194048K, 0% used [0x0000000716a00000,0x0000000716a00000,0x0000000722780000)
  from space 859136K, 99% used [0x0000000722780000,0x0000000756658360,0x0000000756e80000)
  to   space 924672K, 0% used [0x000000075bc80000,0x000000075bc80000,0x0000000794380000)
 ParOldGen       total 2391552K, used 1705594K [0x00000005c3e00000, 0x0000000655d80000, 0x0000000716a00000)
  object space 2391552K, 71% used [0x00000005c3e00000,0x000000062bf9e930,0x0000000655d80000)
 Metaspace       used 9715K, capacity 10132K, committed 10240K, reserved 1058816K
  class space    used 1136K, capacity 1225K, committed 1280K, reserved 1048576K
}
Event: 657.564 GC heap before
{Heap before GC invocations=15 (full 3):
 PSYoungGen      total 1053184K, used 1044832K [0x0000000716a00000, 0x0000000794380000, 0x00000007c0000000)
  eden space 194048K, 100% used [0x0000000716a00000,0x0000000722780000,0x0000000722780000)
  from space 859136K, 99% used [0x0000000722780000,0x0000000756658360,0x0000000756e80000)
  to   space 924672K, 0% used [0x000000075bc80000,0x000000075bc80000,0x0000000794380000)
 ParOldGen       total 2391552K, used 1705594K [0x00000005c3e00000, 0x0000000655d80000, 0x0000000716a00000)
  object space 2391552K, 71% used [0x00000005c3e00000,0x000000062bf9e930,0x0000000655d80000)
 Metaspace       used 9720K, capacity 10132K, committed 10240K, reserved 1058816K
  class space    used 1136K, capacity 1225K, committed 1280K, reserved 1048576K
Event: 659.500 GC heap after
Heap after GC invocations=15 (full 3):
 PSYoungGen      total 1132032K, used 378432K [0x0000000716a00000, 0x0000000794300000, 0x00000007c0000000)
  eden space 207872K, 0% used [0x0000000716a00000,0x0000000716a00000,0x0000000723500000)
  from space 924160K, 40% used [0x000000075bc80000,0x0000000772e10000,0x0000000794300000)
  to   space 924672K, 0% used [0x0000000723500000,0x0000000723500000,0x000000075bc00000)
 ParOldGen       total 2391552K, used 2367907K [0x00000005c3e00000, 0x0000000655d80000, 0x0000000716a00000)
  object space 2391552K, 99% used [0x00000005c3e00000,0x0000000654668c90,0x0000000655d80000)
 Metaspace       used 9720K, capacity 10132K, committed 10240K, reserved 1058816K
  class space    used 1136K, capacity 1225K, committed 1280K, reserved 1048576K
}
Event: 659.501 GC heap before
{Heap before GC invocations=16 (full 4):
 PSYoungGen      total 1132032K, used 378432K [0x0000000716a00000, 0x0000000794300000, 0x00000007c0000000)
  eden space 207872K, 0% used [0x0000000716a00000,0x0000000716a00000,0x0000000723500000)
  from space 924160K, 40% used [0x000000075bc80000,0x0000000772e10000,0x0000000794300000)
  to   space 924672K, 0% used [0x0000000723500000,0x0000000723500000,0x000000075bc00000)
 ParOldGen       total 2391552K, used 2367907K [0x00000005c3e00000, 0x0000000655d80000, 0x0000000716a00000)
  object space 2391552K, 99% used [0x00000005c3e00000,0x0000000654668c90,0x0000000655d80000)
 Metaspace       used 9720K, capacity 10132K, committed 10240K, reserved 1058816K
  class space    used 1136K, capacity 1225K, committed 1280K, reserved 1048576K

